# JRE version: OpenJDK Runtime Environment (8.0_112-b06) (build 1.8.0_112-release-b06)
# Java VM: OpenJDK 64-Bit Server VM (25.112-b06 mixed mode windows-amd64 compressed oops)
Heap:
 PSYoungGen      total 39424K, used 18240K [0x00000000e0000000, 0x00000000e3100000, 0x0000000100000000)
  eden space 30720K, 43% used [0x00000000e0000000,0x00000000e0cfe840,0x00000000e1e00000)
  from space 8704K, 56% used [0x00000000e2880000,0x00000000e2d51820,0x00000000e3100000)
  to   space 9728K, 0% used [0x00000000e1e00000,0x00000000e1e00000,0x00000000e2780000)
 ParOldGen       total 47616K, used 9288K [0x00000000a0000000, 0x00000000a2e80000, 0x00000000e0000000)
  object space 47616K, 19% used [0x00000000a0000000,0x00000000a09123f8,0x00000000a2e80000)
 Metaspace       used 30323K, capacity 30848K, committed 31232K, reserved 1077248K
  class space    used 4100K, capacity 4228K, committed 4352K, reserved 1048576K
GC Heap History (10 events):
Event: 86.664 GC heap before
{Heap before GC invocations=5 (full 1):
 PSYoungGen      total 37888K, used 5104K [0x00000000e0000000, 0x00000000e2a00000, 0x0000000100000000)
  eden space 32768K, 0% used [0x00000000e0000000,0x00000000e0000000,0x00000000e2000000)
  from space 5120K, 99% used [0x00000000e2500000,0x00000000e29fc030,0x00000000e2a00000)
  to   space 5120K, 0% used [0x00000000e2000000,0x00000000e2000000,0x00000000e2500000)
 ParOldGen       total 86016K, used 7812K [0x00000000a0000000, 0x00000000a5400000, 0x00000000e0000000)
  object space 86016K, 9% used [0x00000000a0000000,0x00000000a07a12e8,0x00000000a5400000)
 Metaspace       used 20840K, capacity 21112K, committed 21296K, reserved 1067008K
  class space    used 2765K, capacity 2869K, committed 2944K, reserved 1048576K
Event: 86.883 GC heap after
Heap after GC invocations=5 (full 1):
 PSYoungGen      total 37888K, used 0K [0x00000000e0000000, 0x00000000e2a00000, 0x0000000100000000)
  eden space 32768K, 0% used [0x00000000e0000000,0x00000000e0000000,0x00000000e2000000)
  from space 5120K, 0% used [0x00000000e2500000,0x00000000e2500000,0x00000000e2a00000)
  to   space 5120K, 0% used [0x00000000e2000000,0x00000000e2000000,0x00000000e2500000)
 ParOldGen       total 47616K, used 9256K [0x00000000a0000000, 0x00000000a2e80000, 0x00000000e0000000)
  object space 47616K, 19% used [0x00000000a0000000,0x00000000a090a3f8,0x00000000a2e80000)
 Metaspace       used 20840K, capacity 21112K, committed 21296K, reserved 1067008K
  class space    used 2765K, capacity 2869K, committed 2944K, reserved 1048576K
}
Event: 90.092 GC heap before
{Heap before GC invocations=6 (full 1):
 PSYoungGen      total 37888K, used 32768K [0x00000000e0000000, 0x00000000e2a00000, 0x0000000100000000)
  eden space 32768K, 100% used [0x00000000e0000000,0x00000000e2000000,0x00000000e2000000)
  from space 5120K, 0% used [0x00000000e2500000,0x00000000e2500000,0x00000000e2a00000)
  to   space 5120K, 0% used [0x00000000e2000000,0x00000000e2000000,0x00000000e2500000)
 ParOldGen       total 47616K, used 9256K [0x00000000a0000000, 0x00000000a2e80000, 0x00000000e0000000)
  object space 47616K, 19% used [0x00000000a0000000,0x00000000a090a3f8,0x00000000a2e80000)
 Metaspace       used 24042K, capacity 24374K, committed 24704K, reserved 1071104K
  class space    used 3209K, capacity 3330K, committed 3456K, reserved 1048576K
Event: 90.116 GC heap after
Heap after GC invocations=6 (full 1):
 PSYoungGen      total 37376K, used 4712K [0x00000000e0000000, 0x00000000e3480000, 0x0000000100000000)
  eden space 32256K, 0% used [0x00000000e0000000,0x00000000e0000000,0x00000000e1f80000)
  from space 5120K, 92% used [0x00000000e2000000,0x00000000e249a168,0x00000000e2500000)
  to   space 10752K, 0% used [0x00000000e2a00000,0x00000000e2a00000,0x00000000e3480000)
 ParOldGen       total 47616K, used 9264K [0x00000000a0000000, 0x00000000a2e80000, 0x00000000e0000000)
  object space 47616K, 19% used [0x00000000a0000000,0x00000000a090c3f8,0x00000000a2e80000)
 Metaspace       used 24042K, capacity 24374K, committed 24704K, reserved 1071104K
  class space    used 3209K, capacity 3330K, committed 3456K, reserved 1048576K
}
Event: 92.685 GC heap before
{Heap before GC invocations=7 (full 1):
 PSYoungGen      total 37376K, used 36968K [0x00000000e0000000, 0x00000000e3480000, 0x0000000100000000)
  eden space 32256K, 100% used [0x00000000e0000000,0x00000000e1f80000,0x00000000e1f80000)
  from space 5120K, 92% used [0x00000000e2000000,0x00000000e249a168,0x00000000e2500000)
  to   space 10752K, 0% used [0x00000000e2a00000,0x00000000e2a00000,0x00000000e3480000)
 ParOldGen       total 47616K, used 9264K [0x00000000a0000000, 0x00000000a2e80000, 0x00000000e0000000)
  object space 47616K, 19% used [0x00000000a0000000,0x00000000a090c3f8,0x00000000a2e80000)
 Metaspace       used 26155K, capacity 26572K, committed 26752K, reserved 1073152K
  class space    used 3591K, capacity 3697K, committed 3712K, reserved 1048576K
Event: 92.696 GC heap after
Heap after GC invocations=7 (full 1):
 PSYoungGen      total 40960K, used 5189K [0x00000000e0000000, 0x00000000e3300000, 0x0000000100000000)
  eden space 31744K, 0% used [0x00000000e0000000,0x00000000e0000000,0x00000000e1f00000)
  from space 9216K, 56% used [0x00000000e2a00000,0x00000000e2f11700,0x00000000e3300000)
  to   space 10240K, 0% used [0x00000000e1f00000,0x00000000e1f00000,0x00000000e2900000)
 ParOldGen       total 47616K, used 9272K [0x00000000a0000000, 0x00000000a2e80000, 0x00000000e0000000)
  object space 47616K, 19% used [0x00000000a0000000,0x00000000a090e3f8,0x00000000a2e80000)
 Metaspace       used 26155K, capacity 26572K, committed 26752K, reserved 1073152K
  class space    used 3591K, capacity 3697K, committed 3712K, reserved 1048576K
}
Event: 101.694 GC heap before
{Heap before GC invocations=8 (full 1):
 PSYoungGen      total 40960K, used 36933K [0x00000000e0000000, 0x00000000e3300000, 0x0000000100000000)
  eden space 31744K, 100% used [0x00000000e0000000,0x00000000e1f00000,0x00000000e1f00000)
  from space 9216K, 56% used [0x00000000e2a00000,0x00000000e2f11700,0x00000000e3300000)
  to   space 10240K, 0% used [0x00000000e1f00000,0x00000000e1f00000,0x00000000e2900000)
 ParOldGen       total 47616K, used 9272K [0x00000000a0000000, 0x00000000a2e80000, 0x00000000e0000000)
  object space 47616K, 19% used [0x00000000a0000000,0x00000000a090e3f8,0x00000000a2e80000)
 Metaspace       used 28837K, capacity 29292K, committed 29440K, reserved 1075200K
  class space    used 3912K, capacity 4049K, committed 4096K, reserved 1048576K
Event: 101.708 GC heap after
Heap after GC invocations=8 (full 1):
 PSYoungGen      total 36864K, used 5286K [0x00000000e0000000, 0x00000000e3280000, 0x0000000100000000)
  eden space 31232K, 0% used [0x00000000e0000000,0x00000000e0000000,0x00000000e1e80000)
  from space 5632K, 93% used [0x00000000e1f00000,0x00000000e24299d0,0x00000000e2480000)
  to   space 10240K, 0% used [0x00000000e2880000,0x00000000e2880000,0x00000000e3280000)
 ParOldGen       total 47616K, used 9280K [0x00000000a0000000, 0x00000000a2e80000, 0x00000000e0000000)
  object space 47616K, 19% used [0x00000000a0000000,0x00000000a09103f8,0x00000000a2e80000)
 Metaspace       used 28837K, capacity 29292K, committed 29440K, reserved 1075200K
  class space    used 3912K, capacity 4049K, committed 4096K, reserved 1048576K
}
Event: 130.348 GC heap before
{Heap before GC invocations=9 (full 1):
 PSYoungGen      total 36864K, used 36518K [0x00000000e0000000, 0x00000000e3280000, 0x0000000100000000)
  eden space 31232K, 100% used [0x00000000e0000000,0x00000000e1e80000,0x00000000e1e80000)
  from space 5632K, 93% used [0x00000000e1f00000,0x00000000e24299d0,0x00000000e2480000)
  to   space 10240K, 0% used [0x00000000e2880000,0x00000000e2880000,0x00000000e3280000)
 ParOldGen       total 47616K, used 9280K [0x00000000a0000000, 0x00000000a2e80000, 0x00000000e0000000)
  object space 47616K, 19% used [0x00000000a0000000,0x00000000a09103f8,0x00000000a2e80000)
 Metaspace       used 29305K, capacity 29778K, committed 29952K, reserved 1075200K
  class space    used 3955K, capacity 4083K, committed 4096K, reserved 1048576K
Event: 130.366 GC heap after
Heap after GC invocations=9 (full 1):
 PSYoungGen      total 39424K, used 4934K [0x00000000e0000000, 0x00000000e3100000, 0x0000000100000000)
  eden space 30720K, 0% used [0x00000000e0000000,0x00000000e0000000,0x00000000e1e00000)
  from space 8704K, 56% used [0x00000000e2880000,0x00000000e2d51820,0x00000000e3100000)
  to   space 9728K, 0% used [0x00000000e1e00000,0x00000000e1e00000,0x00000000e2780000)
 ParOldGen       total 47616K, used 9288K [0x00000000a0000000, 0x00000000a2e80000, 0x00000000e0000000)
  object space 47616K, 19% used [0x00000000a0000000,0x00000000a09123f8,0x00000000a2e80000)
 Metaspace       used 29305K, capacity 29778K, committed 29952K, reserved 1075200K
  class space    used 3955K, capacity 4083K, committed 4096K, reserved 1048576K
}

